Arguments: 
  C:\Program Files\nodejs\node.exe C:\Program Files\Yarn\bin\yarn.js add @angular-devkit/build-angular --dev

PATH: 
  C:\Program Files\Common Files\Oracle\Java\javapath;C:\Windows\system32;C:\Windows;C:\Windows\System32\Wbem;C:\Windows\System32\WindowsPowerShell\v1.0\;C:\Program Files\Skype\Phone\;C:\Program Files\Git\cmd;C:\Program Files\nodejs\;C:\Program Files\Yarn\bin\;;C:\Users\administrador\AppData\Local\Programs\Microsoft VS Code\bin;C:\Users\administrador\AppData\Roaming\npm;C:\Users\administrador\AppData\Local\Yarn\bin

Yarn version: 
  1.17.3

Node version: 
  10.16.3

Platform: 
  win32 ia32

Trace: 
  Error: connect EHOSTUNREACH 104.16.20.35:443
      at TCPConnectWrap.afterConnect [as oncomplete] (net.js:1106:14)

npm manifest: 
  {
    "name": "pokemon-web-app",
    "version": "0.0.0",
    "scripts": {
      "ng": "ng",
      "start": "ng serve",
      "build": "ng build",
      "test": "ng test",
      "lint": "ng lint",
      "e2e": "ng e2e"
    },
    "private": true,
    "dependencies": {
      "@angular/animations": "~8.2.3",
      "@angular/common": "~8.2.3",
      "@angular/compiler": "~8.2.3",
      "@angular/core": "~8.2.3",
      "@angular/forms": "~8.2.3",
      "@angular/platform-browser": "~8.2.3",
      "@angular/platform-browser-dynamic": "~8.2.3",
      "@angular/router": "~8.2.3",
      "rxjs": "~6.4.0",
      "tslib": "^1.10.0",
      "zone.js": "~0.9.1"
    },
    "devDependencies": {
      "@angular-devkit/build-angular": "~0.803.0",
      "@angular/cli": "~8.3.0",
      "@angular/compiler-cli": "~8.2.3",
      "@angular/language-service": "~8.2.3",
      "@types/node": "~8.9.4",
      "@types/jasmine": "~3.3.8",
      "@types/jasminewd2": "~2.0.3",
      "codelyzer": "^5.0.0",
      "jasmine-core": "~3.4.0",
      "jasmine-spec-reporter": "~4.2.1",
      "karma": "~4.1.0",
      "karma-chrome-launcher": "~2.2.0",
      "karma-coverage-istanbul-reporter": "~2.0.1",
      "karma-jasmine": "~2.0.1",
      "karma-jasmine-html-reporter": "^1.4.0",
      "protractor": "~5.4.0",
      "ts-node": "~7.0.0",
      "tslint": "~5.15.0",
      "typescript": "~3.5.3"
    }
  }

yarn manifest: 
  No manifest

Lockfile: 
  No lockfile
